<?xml version="1.0" encoding="UTF-8"?>
<testng-results ignored="0" total="1" passed="1" failed="0" skipped="0">
  <reporter-output>
  </reporter-output>
  <suite started-at="2023-12-27T16:00:00 IST" name="Default suite" finished-at="2023-12-27T16:00:26 IST" duration-ms="25915">
    <groups>
    </groups>
    <test started-at="2023-12-27T16:00:00 IST" name="Default test" finished-at="2023-12-27T16:00:26 IST" duration-ms="25915">
      <class name="jerkins.Class6">
        <test-method is-config="true" signature="setup()[pri:0, instance:jerkins.Class6@a38c7fe]" started-at="2023-12-27T16:00:00 IST" name="setup" finished-at="2023-12-27T16:00:08 IST" duration-ms="7852" status="PASS">
          <reporter-output>
          </reporter-output>
        </test-method> <!-- setup -->
        <test-method signature="verifyLogin()[pri:0, instance:jerkins.Class6@a38c7fe]" started-at="2023-12-27T16:00:08 IST" name="verifyLogin" finished-at="2023-12-27T16:00:21 IST" duration-ms="12846" status="PASS">
          <reporter-output>
          </reporter-output>
        </test-method> <!-- verifyLogin -->
        <test-method is-config="true" signature="teardown()[pri:0, instance:jerkins.Class6@a38c7fe]" started-at="2023-12-27T16:00:21 IST" name="teardown" finished-at="2023-12-27T16:00:26 IST" duration-ms="5175" status="PASS">
          <reporter-output>
          </reporter-output>
        </test-method> <!-- teardown -->
      </class> <!-- jerkins.Class6 -->
    </test> <!-- Default test -->
  </suite> <!-- Default suite -->
</testng-results>
